<?xml version="1.0" encoding="UTF-8"?>
<testsuite name="com.jsokolow.calculator.CalculatorApplicationTests" tests="1" skipped="0" failures="0" errors="0" timestamp="2024-06-17T05:50:58" hostname="PC-WRO-5KLMP73" time="0.813">
  <properties/>
  <testcase name="contextLoads()" classname="com.jsokolow.calculator.CalculatorApplicationTests" time="0.813"/>
  <system-out><![CDATA[07:50:56.872 [Test worker] INFO org.springframework.test.context.support.AnnotationConfigContextLoaderUtils -- Could not detect default configuration classes for test class [com.jsokolow.calculator.CalculatorApplicationTests]: CalculatorApplicationTests does not declare any static, non-private, non-final, nested classes annotated with @Configuration.
07:50:57.031 [Test worker] INFO org.springframework.boot.test.context.SpringBootTestContextBootstrapper -- Found @SpringBootConfiguration com.jsokolow.calculator.CalculatorApplication for test class com.jsokolow.calculator.CalculatorApplicationTests
  .   ____          _            __ _ _
 /\\ / ___'_ __ _ _(_)_ __  __ _ \ \ \ \
( ( )\___ | '_ | '_| | '_ \/ _` | \ \ \ \
 \\/  ___)| |_)| | | | | || (_| |  ) ) ) )
  '  |____| .__|_| |_|_| |_\__, | / / / /
 =========|_|==============|___/=/_/_/_/

 :: Spring Boot ::                (v3.3.0)

2024-06-17T07:50:57.500+02:00  INFO 13439 --- [calculator] [    Test worker] c.j.c.CalculatorApplicationTests         : Starting CalculatorApplicationTests using Java 21.0.3 with PID 13439 (started by jsokolow in /home/jsokolow/local-ci/projects/calculator)
2024-06-17T07:50:57.501+02:00  INFO 13439 --- [calculator] [    Test worker] c.j.c.CalculatorApplicationTests         : No active profile set, falling back to 1 default profile: "default"
2024-06-17T07:50:58.577+02:00  INFO 13439 --- [calculator] [    Test worker] c.j.c.CalculatorApplicationTests         : Started CalculatorApplicationTests in 1.349 seconds (process running for 2.703)
]]></system-out>
  <system-err><![CDATA[WARNING: A Java agent has been loaded dynamically (/home/jsokolow/.gradle/caches/modules-2/files-2.1/net.bytebuddy/byte-buddy-agent/1.14.16/4a451ee6484abac3a498df0f3b33ed00a6fced4d/byte-buddy-agent-1.14.16.jar)
WARNING: If a serviceability tool is in use, please run with -XX:+EnableDynamicAgentLoading to hide this warning
WARNING: If a serviceability tool is not in use, please run with -Djdk.instrument.traceUsage for more information
WARNING: Dynamic loading of agents will be disallowed by default in a future release
]]></system-err>
</testsuite>
